PRT1
87
130
4 0 3 (992 0 16288 ) (0 0 16288 ) (0 0 14848 ) (992 0 14848 ) 
4 0 2 (0 0 14848 ) (0 0 16288 ) (0 992 16288 ) (0 992 14848 ) 
4 1 5 (720 0 14672 ) (720 0 14512 ) (832 0 14512 ) (832 0 14672 ) 
4 1 4 (832 0 14752 ) (720 0 14752 ) (720 0 14672 ) (832 0 14672 ) 
4 2 17 (0 0 14848 ) (0 0 16288 ) (-992 0 16288 ) (-992 0 14848 ) 
4 3 17 (0 -992 16288 ) (0 0 16288 ) (0 0 14848 ) (0 -992 14848 ) 
4 4 5 (720 0 14672 ) (832 0 14672 ) (832 -144 14672 ) (720 -144 14672 ) 
4 5 6 (720 -144 14640 ) (720 -144 14512 ) (832 -144 14512 ) (832 -144 14640 ) 
4 6 12 (720 -160 14640 ) (720 -160 14512 ) (800 -160 14512 ) (800 -160 14640 ) 
4 6 10 (800 -160 14512 ) (832 -160 14512 ) (832 -160 14640 ) (800 -160 14640 ) 
4 7 9 (960 -160 14672 ) (960 -160 14640 ) (960 -448 14640 ) (960 -448 14672 ) 
4 7 8 (960 -448 14640 ) (960 -160 14640 ) (1024 -160 14640 ) (1024 -448 14640 ) 
4 8 13 (960 -160 14496 ) (1024 -160 14496 ) (1024 -448 14496 ) (960 -448 14496 ) 
4 8 10 (960 -160 14640 ) (960 -160 14496 ) (960 -448 14496 ) (960 -448 14640 ) 
4 9 11 (800 -160 14672 ) (800 -160 14640 ) (800 -448 14640 ) (800 -448 14672 ) 
4 9 10 (800 -448 14640 ) (800 -160 14640 ) (960 -160 14640 ) (960 -448 14640 ) 
4 10 13 (800 -160 14496 ) (960 -160 14496 ) (960 -448 14496 ) (800 -448 14496 ) 
4 10 12 (800 -160 14640 ) (800 -160 14496 ) (800 -448 14496 ) (800 -448 14640 ) 
4 11 12 (640 -448 14640 ) (640 -160 14640 ) (800 -160 14640 ) (800 -448 14640 ) 
4 12 13 (640 -160 14496 ) (800 -160 14496 ) (800 -448 14496 ) (640 -448 14496 ) 
4 13 15 (640 -448 14240 ) (640 -160 14240 ) (1024 -160 14240 ) (1024 -448 14240 ) 
4 13 14 (640 -208 14240 ) (640 -400 14240 ) (640 -400 14480 ) (640 -208 14480 ) 
4 14 29 (0 -208 14480 ) (0 -208 14240 ) (0 -400 14240 ) (0 -400 14480 ) 
4 14 16 (0 -400 14240 ) (0 -208 14240 ) (640 -208 14240 ) (640 -400 14240 ) 
4 15 16 (640 -400 14240 ) (640 -208 14240 ) (640 -208 14224 ) (640 -400 14224 ) 
4 16 32 (0 -400 14224 ) (0 -400 14240 ) (0 -208 14240 ) (0 -208 14224 ) 
4 17 20 (-608 -544 14848 ) (-608 -704 14848 ) (-704 -704 14848 ) (-704 -544 14848 ) 
4 17 19 (-416 -416 14848 ) (-416 -704 14848 ) (-608 -704 14848 ) (-608 -416 14848 ) 
4 17 18 (-64 -96 14848 ) (-64 -176 14848 ) (-144 -176 14848 ) (-144 -96 14848 ) 
4 18 21 (-144 -176 14816 ) (-144 -96 14816 ) (-64 -96 14816 ) (-64 -176 14816 ) 
4 19 22 (-608 -704 14816 ) (-608 -416 14816 ) (-416 -416 14816 ) (-416 -704 14816 ) 
4 19 20 (-608 -544 14816 ) (-608 -704 14816 ) (-608 -704 14848 ) (-608 -544 14848 ) 
4 20 24 (-704 -704 14816 ) (-704 -544 14816 ) (-608 -544 14816 ) (-608 -704 14816 ) 
4 21 26 (-64 -96 14688 ) (-64 -176 14688 ) (-144 -176 14688 ) (-144 -96 14688 ) 
4 22 24 (-608 -544 14688 ) (-608 -704 14688 ) (-608 -704 14816 ) (-608 -544 14816 ) 
4 22 23 (-576 -704 14688 ) (-416 -704 14688 ) (-416 -704 14816 ) (-576 -704 14816 ) 
4 24 25 (-704 -544 14816 ) (-704 -544 14688 ) (-704 -704 14688 ) (-704 -704 14816 ) 
4 26 30 (-64 -96 14240 ) (-64 -176 14240 ) (-144 -176 14240 ) (-144 -96 14240 ) 
4 26 27 (-144 -176 14384 ) (-144 -176 14240 ) (-64 -176 14240 ) (-64 -176 14384 ) 
4 27 30 (-64 -176 14240 ) (-64 -192 14240 ) (-144 -192 14240 ) (-144 -176 14240 ) 
4 27 28 (-144 -192 14240 ) (-76.828903 -192 14240 ) (-76.828903 -192 14384 ) (-144 -192 14384 ) 
4 28 31 (-76.828903 -208 14240 ) (-144 -208 14240 ) (-144 -192 14240 ) (-76.828903 -192 14240 ) 
4 28 29 (-144 -208 14240 ) (-76.828903 -208 14240 ) (-76.828903 -208 14384 ) (-144 -208 14384 ) 
4 29 33 (-1024 -208 14480 ) (-1024 -208 14240 ) (-1024 -400 14240 ) (-1024 -400 14480 ) 
4 29 32 (0 -208 14240 ) (0 -400 14240 ) (-1024 -400 14240 ) (-1024 -208 14240 ) 
4 30 31 (-76.828903 -192 14240 ) (-144 -192 14240 ) (-144 -192 14224 ) (-76.828903 -192 14224 ) 
4 31 32 (-76.828903 -208 14240 ) (-144 -208 14240 ) (-144 -208 14224 ) (-76.828903 -208 14224 ) 
4 32 34 (-1024 -400 14224 ) (-1024 -400 14240 ) (-1024 -208 14240 ) (-1024 -208 14224 ) 
4 33 35 (-2048 -208 14240 ) (-2048 -400 14240 ) (-2048 -400 14480 ) (-2048 -208 14480 ) 
4 33 34 (-2048 -400 14240 ) (-2048 -208 14240 ) (-1024 -208 14240 ) (-1024 -400 14240 ) 
4 34 36 (-2048 -400 14224 ) (-2048 -400 14240 ) (-2048 -208 14240 ) (-2048 -208 14224 ) 
4 35 39 (-3072 -208 14480 ) (-3072 -208 14240 ) (-3072 -400 14240 ) (-3072 -400 14480 ) 
4 35 38 (-2912 -400 14240 ) (-3072 -400 14240 ) (-3072 -208 14240 ) (-2912 -208 14240 ) 
4 35 37 (-2720 -400 14240 ) (-2912 -400 14240 ) (-2912 -208 14240 ) (-2720 -208 14240 ) 
4 35 36 (-2048 -208 14240 ) (-2048 -400 14240 ) (-2720 -400 14240 ) (-2720 -208 14240 ) 
4 36 37 (-2720 -208 14240 ) (-2720 -208 14224 ) (-2720 -400 14224 ) (-2720 -400 14240 ) 
4 37 38 (-2912 -400 14240 ) (-2912 -208 14240 ) (-2912 -208 14224 ) (-2912 -400 14224 ) 
4 38 41 (-3072 -400 14064 ) (-3072 -400 14096 ) (-3072 -208 14096 ) (-3072 -208 14064 ) 
4 38 39 (-3072 -400 14096 ) (-3072 -400 14240 ) (-3072 -208 14240 ) (-3072 -208 14096 ) 
4 39 41 (-3072 -208 14096 ) (-3072 -400 14096 ) (-3552 -400 14096 ) (-3552 -208 14096 ) 
4 39 40 (-3552 -208 14096 ) (-3552 -400 14096 ) (-3552 -400 14336 ) (-3552 -208 14336 ) 
4 40 42 (-4096 -400 14336 ) (-4096 -208 14336 ) (-4096 -208 14096 ) (-4096 -400 14096 ) 
4 40 41 (-4096 -400 14096 ) (-4096 -208 14096 ) (-3552 -208 14096 ) (-3552 -400 14096 ) 
4 41 43 (-4096 -400 14096 ) (-4096 -208 14096 ) (-4096 -208 14064 ) (-4096 -400 14064 ) 
4 42 44 (-5120 -400 14336 ) (-5120 -208 14336 ) (-5120 -208 14096 ) (-5120 -400 14096 ) 
4 42 43 (-5120 -400 14096 ) (-5120 -208 14096 ) (-4096 -208 14096 ) (-4096 -400 14096 ) 
4 43 46 (-5120 -400 14096 ) (-5120 -208 14096 ) (-5120 -208 14064 ) (-5120 -400 14064 ) 
4 44 49 (-6144 -400 14336 ) (-6144 -340.885468 14336 ) (-6144 -340.885468 14096 ) (-6144 -400 14096 ) 
4 44 47 (-5632 -400 14096 ) (-6144 -400 14096 ) (-6144 -340.885468 14096 ) (-5632 -208 14096 ) 
4 44 46 (-5120 -208 14096 ) (-5120 -400 14096 ) (-5632 -400 14096 ) (-5632 -208 14096 ) 
4 44 45 (-6144 -400 14096 ) (-5632 -400 14096 ) (-5632 -400 14336 ) (-6144 -400 14336 ) 
4 45 49 (-6144 -532.885498 14336 ) (-6144 -400 14336 ) (-6144 -400 14096 ) (-6144 -532.885498 14096 ) 
3 45 48 (-6144 -532.885498 14096 ) (-6144 -400 14096 ) (-5632 -400 14096 ) 
4 46 47 (-5632 -208 14096 ) (-5632 -208 14064 ) (-5632 -400 14064 ) (-5632 -400 14096 ) 
4 47 50 (-6144 -400 14096 ) (-6144 -340.885468 14096 ) (-6144 -340.885468 14064 ) (-6144 -400 14064 ) 
4 47 48 (-6144 -400 14064 ) (-5632 -400 14064 ) (-5632 -400 14096 ) (-6144 -400 14096 ) 
4 48 50 (-6144 -532.885498 14096 ) (-6144 -400 14096 ) (-6144 -400 14064 ) (-6144 -532.885498 14064 ) 
4 49 51 (-7168 -606.656433 14096 ) (-7168 -798.656494 14096 ) (-7168 -798.656494 14336 ) (-7168 -606.656494 14336 ) 
4 49 50 (-7168 -798.656494 14096 ) (-7168 -606.656494 14096 ) (-6144 -340.885468 14096 ) (-6144 -532.885498 14096 ) 
4 50 54 (-7168 -606.656433 14064 ) (-7168 -798.656494 14064 ) (-7168 -798.656494 14096 ) (-7168 -606.656494 14096 ) 
4 51 54 (-7168 -606.656433 14096 ) (-7168 -798.656494 14096 ) (-7728 -944 14096 ) (-7728 -752 14096 ) 
4 51 53 (-7728 -752 14096 ) (-7728 -944 14096 ) (-7728 -944 14336 ) (-7728 -752 14336 ) 
4 52 55 (-8080 -432 14096 ) (-7856 -432 14096 ) (-7856 -688 14096 ) (-8080 -688 14096 ) 
4 52 53 (-8080 -688 14096 ) (-7856 -688 14096 ) (-7856 -688 14192 ) (-8080 -688 14192 ) 
4 53 57 (-8192 -784 14096 ) (-8192 -912 14096 ) (-8192 -912 14192 ) (-8192 -784 14192 ) 
4 53 56 (-8192 -1008 14096 ) (-8192 -688 14096 ) (-7728 -688 14096 ) (-7728 -1008 14096 ) 
4 54 56 (-7728 -944 14096 ) (-7728 -752 14096 ) (-7728 -752 14064 ) (-7728 -944 14064 ) 
4 55 56 (-7856 -688 14096 ) (-8080 -688 14096 ) (-8080 -688 14064 ) (-7856 -688 14064 ) 
4 56 58 (-8192 -912 14096 ) (-8192 -784 14096 ) (-8192 -784 14064 ) (-8192 -912 14064 ) 
4 57 59 (-9216 -784 14096 ) (-9216 -912 14096 ) (-9216 -912 14192 ) (-9216 -784 14192 ) 
4 57 58 (-9216 -912 14096 ) (-9216 -784 14096 ) (-8192 -784 14096 ) (-8192 -912 14096 ) 
4 58 60 (-9216 -912 14064 ) (-9216 -912 14096 ) (-9216 -784 14096 ) (-9216 -784 14064 ) 
4 59 81 (-10240 -928 14208 ) (-10240 -768 14208 ) (-10240 -768 14096 ) (-10240 -928 14096 ) 
4 59 60 (-9216 -768 14096 ) (-9216 -928 14096 ) (-10240 -928 14096 ) (-10240 -768 14096 ) 
4 60 82 (-10240 -928 14096 ) (-10240 -768 14096 ) (-10240 -768 14048 ) (-10240 -928 14048 ) 
4 61 62 (-11584 1264 14336 ) (-11392 1264 14336 ) (-11392 1056 14336 ) (-11584 1056 14336 ) 
4 62 78 (-11568 1024 14152 ) (-11408 1024 14152 ) (-11408 1024 14312 ) (-11568 1024 14312 ) 
4 62 63 (-11360 1024 13904 ) (-11616 1024 13904 ) (-11616 1296 13904 ) (-11360 1296 13904 ) 
4 63 65 (-11360 1024 13752 ) (-11616 1024 13752 ) (-11616 1296 13752 ) (-11360 1296 13752 ) 
4 63 64 (-11616 1240 13752 ) (-11616 1080 13752 ) (-11616 1080 13904 ) (-11616 1240 13904 ) 
4 64 67 (-12288 1080 13904 ) (-12288 1240 13904 ) (-12288 1240 13752 ) (-12288 1080 13752 ) 
4 64 66 (-12288 1080 13752 ) (-12288 1240 13752 ) (-11616 1240 13752 ) (-11616 1080 13752 ) 
4 65 66 (-11616 1240 13744 ) (-11616 1080 13744 ) (-11616 1080 13752 ) (-11616 1240 13752 ) 
4 66 67 (-12288 1080 13752 ) (-12288 1240 13752 ) (-12288 1240 13744 ) (-12288 1080 13744 ) 
4 67 68 (-13296 1240 13472 ) (-13296 1240 13312 ) (-13296 1080 13312 ) (-13296 1080 13472 ) 
4 68 75 (-13312 1240 13472 ) (-13312 1240 13312 ) (-13312 1080 13312 ) (-13312 1080 13472 ) 
4 69 77 (-13872 1888 13138 ) (-13872 1456 13138 ) (-14112 1456 13138 ) (-14112 1888 13138 ) 
4 69 74 (-13888 1456 13312 ) (-13888 1456 13472 ) (-14048 1456 13472 ) (-14048 1456 13312 ) 
4 69 73 (-14112 1520 13138 ) (-14112 1456 13138 ) (-14112 1456 13568 ) (-14112 1520 13568 ) 
4 69 72 (-14112 1584 13138 ) (-14112 1520 13138 ) (-14112 1520 13568 ) (-14112 1584 13568 ) 
4 69 70 (-14112 1888 13138 ) (-14112 1584 13138 ) (-14112 1584 13568 ) (-14112 1888 13568 ) 
4 70 77 (-14112 1888 13138 ) (-14112 1584 13138 ) (-14176 1584 13138 ) (-14176 1888 13138 ) 
4 70 72 (-14112 1584 13138 ) (-14112 1584 13568 ) (-14176 1584 13568 ) (-14176 1584 13138 ) 
4 71 72 (-14112 1520 13568 ) (-14176 1520 13568 ) (-14176 1584 13568 ) (-14112 1584 13568 ) 
4 72 77 (-14112 1584 13138 ) (-14112 1520 13138 ) (-14176 1520 13138 ) (-14176 1584 13138 ) 
4 72 73 (-14112 1520 13138 ) (-14112 1520 13568 ) (-14176 1520 13568 ) (-14176 1520 13138 ) 
4 73 77 (-14112 1520 13138 ) (-14112 1456 13138 ) (-14176 1456 13138 ) (-14176 1520 13138 ) 
4 74 76 (-13888 1384 13312 ) (-13888 1384 13472 ) (-14048 1384 13472 ) (-14048 1384 13312 ) 
4 75 76 (-13744 1080 13312 ) (-13744 1080 13472 ) (-13744 1240 13472 ) (-13744 1240 13312 ) 
4 78 79 (-11408 784 14312 ) (-11568 784 14312 ) (-11568 784 14152 ) (-11408 784 14152 ) 
4 79 83 (-11568 0 14208 ) (-11568 0 14096 ) (-11408 0 14096 ) (-11408 0 14208 ) 
4 79 80 (-11408 0 14096 ) (-11568 0 14096 ) (-11568 784 14096 ) (-11408 784 14096 ) 
4 80 85 (-11408 0 14096 ) (-11568 0 14096 ) (-11568 0 14048 ) (-11408 0 14048 ) 
4 81 84 (-11264 -928 14208 ) (-11264 -768 14208 ) (-11264 -768 14096 ) (-11264 -928 14096 ) 
4 81 82 (-11264 -928 14096 ) (-11264 -768 14096 ) (-10240 -768 14096 ) (-10240 -928 14096 ) 
4 82 86 (-11264 -928 14096 ) (-11264 -768 14096 ) (-11264 -768 14048 ) (-11264 -928 14048 ) 
4 83 85 (-11568 0 14096 ) (-11408 0 14096 ) (-11408 -624 14096 ) (-11568 -624 14096 ) 
4 83 84 (-11568 -624 14208 ) (-11568 -624 14096 ) (-11408 -624 14096 ) (-11408 -624 14208 ) 
4 84 86 (-11264 -624 14096 ) (-11264 -928 14096 ) (-11568 -928 14096 ) (-11568 -624 14096 ) 
4 85 86 (-11568 -624 14096 ) (-11568 -624 14048 ) (-11408 -624 14048 ) (-11408 -624 14096 ) 
