PRT1
39
61
4 0 4 (0 0 14848 ) (0 0 16288 ) (0 992 16288 ) (0 992 14848 ) 
4 0 1 (0 0 16288 ) (0 0 14848 ) (992 0 14848 ) (992 0 16288 ) 
4 1 5 (0 -992 16288 ) (0 0 16288 ) (0 0 14848 ) (0 -992 14848 ) 
4 2 6 (0 -208 14480 ) (0 -208 14240 ) (0 -400 14240 ) (0 -400 14480 ) 
4 2 3 (0 -400 14240 ) (0 -208 14240 ) (640 -208 14240 ) (640 -400 14240 ) 
4 3 12 (0 -400 14224 ) (0 -400 14240 ) (0 -208 14240 ) (0 -208 14224 ) 
4 4 5 (0 0 14848 ) (0 0 16288 ) (-992 0 16288 ) (-992 0 14848 ) 
4 5 7 (-64 -96 14848 ) (-64 -176 14848 ) (-144 -176 14848 ) (-144 -96 14848 ) 
4 6 12 (0 -208 14240 ) (0 -400 14240 ) (-64 -400 14240 ) (-64 -208 14240 ) 
4 6 9 (-64 -208 14240 ) (-64 -400 14240 ) (-64 -400 14480 ) (-64 -208 14480 ) 
4 7 11 (-64 -96 14240 ) (-64 -176 14240 ) (-144 -176 14240 ) (-144 -96 14240 ) 
4 7 8 (-144 -176 14384 ) (-144 -176 14240 ) (-64 -176 14240 ) (-64 -176 14384 ) 
4 8 11 (-64 -176 14240 ) (-64 -208 14240 ) (-144 -208 14240 ) (-144 -176 14240 ) 
4 8 9 (-144 -208 14384 ) (-144 -208 14240 ) (-64 -208 14240 ) (-64 -208 14384 ) 
4 9 12 (-64 -208 14240 ) (-64 -400 14240 ) (-144 -400 14240 ) (-144 -208 14240 ) 
4 9 10 (-144 -208 14240 ) (-144 -400 14240 ) (-144 -400 14480 ) (-144 -208 14480 ) 
4 10 13 (-1024 -208 14240 ) (-1024 -400 14240 ) (-1024 -400 14480 ) (-1024 -208 14480 ) 
4 10 12 (-1024 -400 14240 ) (-1024 -208 14240 ) (-144 -208 14240 ) (-144 -400 14240 ) 
4 11 12 (-64 -208 14224 ) (-64 -208 14240 ) (-144 -208 14240 ) (-144 -208 14224 ) 
4 12 14 (-1024 -400 14224 ) (-1024 -400 14240 ) (-1024 -208 14240 ) (-1024 -208 14224 ) 
4 13 15 (-2048 -208 14240 ) (-2048 -400 14240 ) (-2048 -400 14480 ) (-2048 -208 14480 ) 
4 13 14 (-2048 -400 14240 ) (-2048 -208 14240 ) (-1024 -208 14240 ) (-1024 -400 14240 ) 
4 14 16 (-2048 -400 14224 ) (-2048 -400 14240 ) (-2048 -208 14240 ) (-2048 -208 14224 ) 
4 15 19 (-3072 -208 14480 ) (-3072 -208 14240 ) (-3072 -400 14240 ) (-3072 -400 14480 ) 
4 15 18 (-2912 -400 14240 ) (-3072 -400 14240 ) (-3072 -208 14240 ) (-2912 -208 14240 ) 
4 15 17 (-2720 -400 14240 ) (-2912 -400 14240 ) (-2912 -208 14240 ) (-2720 -208 14240 ) 
4 15 16 (-2048 -208 14240 ) (-2048 -400 14240 ) (-2720 -400 14240 ) (-2720 -208 14240 ) 
4 16 17 (-2720 -208 14240 ) (-2720 -208 14224 ) (-2720 -400 14224 ) (-2720 -400 14240 ) 
4 17 18 (-2912 -400 14240 ) (-2912 -208 14240 ) (-2912 -208 14224 ) (-2912 -400 14224 ) 
4 18 21 (-3072 -400 14064 ) (-3072 -400 14096 ) (-3072 -208 14096 ) (-3072 -208 14064 ) 
4 18 19 (-3072 -400 14096 ) (-3072 -400 14240 ) (-3072 -208 14240 ) (-3072 -208 14096 ) 
4 19 21 (-3072 -208 14096 ) (-3072 -400 14096 ) (-3552 -400 14096 ) (-3552 -208 14096 ) 
4 19 20 (-3552 -208 14096 ) (-3552 -400 14096 ) (-3552 -400 14336 ) (-3552 -208 14336 ) 
4 20 22 (-4096 -400 14336 ) (-4096 -208 14336 ) (-4096 -208 14096 ) (-4096 -400 14096 ) 
4 20 21 (-4096 -400 14096 ) (-4096 -208 14096 ) (-3552 -208 14096 ) (-3552 -400 14096 ) 
4 21 23 (-4096 -400 14096 ) (-4096 -208 14096 ) (-4096 -208 14064 ) (-4096 -400 14064 ) 
4 22 24 (-5120 -400 14336 ) (-5120 -208 14336 ) (-5120 -208 14096 ) (-5120 -400 14096 ) 
4 22 23 (-5120 -400 14096 ) (-5120 -208 14096 ) (-4096 -208 14096 ) (-4096 -400 14096 ) 
4 23 26 (-5120 -400 14096 ) (-5120 -208 14096 ) (-5120 -208 14064 ) (-5120 -400 14064 ) 
4 24 26 (-5120 -208 14096 ) (-5120 -400 14096 ) (-5632 -400 14096 ) (-5632 -208 14096 ) 
4 24 25 (-5632 -208 14096 ) (-5632 -400 14096 ) (-5632 -400 14336 ) (-5632 -208 14336 ) 
4 25 29 (-6144 -532.885498 14336 ) (-6144 -340.885437 14336 ) (-6144 -340.885468 14096 ) (-6144 -532.885498 14096 ) 
3 25 28 (-5632 -400 14096 ) (-6144 -532.885498 14096 ) (-6144 -400 14096 ) 
4 25 27 (-5632 -208 14096 ) (-5632 -400 14096 ) (-6144 -400 14096 ) (-6144 -340.885437 14096 ) 
4 26 27 (-5632 -208 14096 ) (-5632 -208 14064 ) (-5632 -400 14064 ) (-5632 -400 14096 ) 
4 27 30 (-6144 -400 14096 ) (-6144 -340.885468 14096 ) (-6144 -340.885468 14064 ) (-6144 -400 14064 ) 
4 27 28 (-6144 -400 14064 ) (-5632 -400 14064 ) (-5632 -400 14096 ) (-6144 -400 14096 ) 
4 28 30 (-6144 -532.885498 14096 ) (-6144 -400 14096 ) (-6144 -400 14064 ) (-6144 -532.885498 14064 ) 
4 29 31 (-7168 -606.656433 14096 ) (-7168 -798.656494 14096 ) (-7168 -798.656494 14336 ) (-7168 -606.656494 14336 ) 
4 29 30 (-7168 -798.656494 14096 ) (-7168 -606.656494 14096 ) (-6144 -340.885468 14096 ) (-6144 -532.885498 14096 ) 
4 30 34 (-7168 -606.656433 14064 ) (-7168 -798.656494 14064 ) (-7168 -798.656494 14096 ) (-7168 -606.656494 14096 ) 
4 31 34 (-7168 -606.656433 14096 ) (-7168 -798.656494 14096 ) (-7728 -944 14096 ) (-7728 -752 14096 ) 
4 31 32 (-7728 -752 14096 ) (-7728 -944 14096 ) (-7728 -944 14336 ) (-7728 -752 14336 ) 
4 32 35 (-8176 -1008 14096 ) (-8176 -688 14096 ) (-7728 -688 14096 ) (-7728 -1008 14096 ) 
4 32 33 (-8176 -784 14096 ) (-8176 -912 14096 ) (-8176 -912 14192 ) (-8176 -784 14192 ) 
4 33 37 (-8192 -784 14192 ) (-8192 -784 14096 ) (-8192 -912 14096 ) (-8192 -912 14192 ) 
4 33 36 (-8192 -912 14096 ) (-8192 -784 14096 ) (-8176 -784 14096 ) (-8176 -912 14096 ) 
4 34 35 (-7728 -944 14096 ) (-7728 -752 14096 ) (-7728 -752 14064 ) (-7728 -944 14064 ) 
4 35 36 (-8176 -912 14096 ) (-8176 -784 14096 ) (-8176 -784 14064 ) (-8176 -912 14064 ) 
4 36 38 (-8192 -912 14064 ) (-8192 -912 14096 ) (-8192 -784 14096 ) (-8192 -784 14064 ) 
4 37 38 (-8720 -912 14096 ) (-8720 -784 14096 ) (-8192 -784 14096 ) (-8192 -912 14096 ) 
